<?xml version="1.0" encoding="UTF-8"?>
<testng-results ignored="0" total="1" passed="1" failed="0" skipped="0">
  <reporter-output>
  </reporter-output>
  <suite started-at="2023-02-15T23:16:09 IST" name="com.ashtvivah.RunnerTest" finished-at="2023-02-15T23:16:17 IST" duration-ms="8684">
    <groups>
      <group name="cucumber">
        <method signature="AbstractTestNGCucumberTests.runScenario(io.cucumber.testng.PickleWrapper, io.cucumber.testng.FeatureWrapper)[pri:0, instance:com.ashtvivah.RunnerTest@73a1e9a9]" name="runScenario" class="io.cucumber.testng.AbstractTestNGCucumberTests"/>
      </group> <!-- cucumber -->
    </groups>
    <test started-at="2023-02-15T23:16:09 IST" name="Command line test" finished-at="2023-02-15T23:16:17 IST" duration-ms="8684">
      <class name="com.ashtvivah.RunnerTest">
        <test-method is-config="true" signature="setUpClass(org.testng.ITestContext)[pri:0, instance:com.ashtvivah.RunnerTest@73a1e9a9]" started-at="2023-02-15T23:16:09 IST" name="setUpClass" finished-at="2023-02-15T23:16:09 IST" duration-ms="224" status="PASS">
          <params>
            <param index="0">
              <value>
                <![CDATA[org.testng.TestRunner@6b69761b]]>
              </value>
            </param>
          </params>
          <reporter-output>
          </reporter-output>
        </test-method> <!-- setUpClass -->
        <test-method signature="runScenario(io.cucumber.testng.PickleWrapper, io.cucumber.testng.FeatureWrapper)[pri:0, instance:com.ashtvivah.RunnerTest@73a1e9a9]" started-at="2023-02-15T23:16:09 IST" name="runScenario" description="Runs Cucumber Scenarios" data-provider="scenarios" finished-at="2023-02-15T23:16:17 IST" duration-ms="8429" status="PASS">
          <params>
            <param index="0">
              <value>
                <![CDATA["Verify registration functionality"]]>
              </value>
            </param>
            <param index="1">
              <value>
                <![CDATA["This feature covers all scenarios of application."]]>
              </value>
            </param>
          </params>
          <reporter-output>
          </reporter-output>
        </test-method> <!-- runScenario -->
        <test-method is-config="true" signature="tearDownClass()[pri:0, instance:com.ashtvivah.RunnerTest@73a1e9a9]" started-at="2023-02-15T23:16:17 IST" name="tearDownClass" finished-at="2023-02-15T23:16:17 IST" duration-ms="10" status="PASS">
          <reporter-output>
          </reporter-output>
        </test-method> <!-- tearDownClass -->
      </class> <!-- com.ashtvivah.RunnerTest -->
    </test> <!-- Command line test -->
  </suite> <!-- com.ashtvivah.RunnerTest -->
</testng-results>
