<?xml version="1.0" encoding="UTF-8"?>
<testng-results ignored="0" total="1" passed="1" failed="0" skipped="0">
  <reporter-output>
  </reporter-output>
  <suite started-at="2023-02-14T15:00:31 IST" name="Default suite" finished-at="2023-02-14T15:00:48 IST" duration-ms="17639">
    <groups>
      <group name="cucumber">
        <method signature="AbstractTestNGCucumberTests.runScenario(io.cucumber.testng.PickleWrapper, io.cucumber.testng.FeatureWrapper)[pri:0, instance:com.ashtvivah.RunnerTest@2b48a640]" name="runScenario" class="io.cucumber.testng.AbstractTestNGCucumberTests"/>
      </group> <!-- cucumber -->
    </groups>
    <test started-at="2023-02-14T15:00:31 IST" name="Default test" finished-at="2023-02-14T15:00:48 IST" duration-ms="17639">
      <class name="com.ashtvivah.RunnerTest">
        <test-method is-config="true" signature="setUpClass(org.testng.ITestContext)[pri:0, instance:com.ashtvivah.RunnerTest@2b48a640]" started-at="2023-02-14T15:00:31 IST" name="setUpClass" finished-at="2023-02-14T15:00:31 IST" duration-ms="308" status="PASS">
          <params>
            <param index="0">
              <value>
                <![CDATA[org.testng.TestRunner@56a4f272]]>
              </value>
            </param>
          </params>
          <reporter-output>
          </reporter-output>
        </test-method> <!-- setUpClass -->
        <test-method signature="runScenario(io.cucumber.testng.PickleWrapper, io.cucumber.testng.FeatureWrapper)[pri:0, instance:com.ashtvivah.RunnerTest@2b48a640]" started-at="2023-02-14T15:00:31 IST" name="runScenario" description="Runs Cucumber Scenarios" data-provider="scenarios" finished-at="2023-02-14T15:00:48 IST" duration-ms="17275" status="PASS">
          <params>
            <param index="0">
              <value>
                <![CDATA["Verify registration functionality"]]>
              </value>
            </param>
            <param index="1">
              <value>
                <![CDATA["This feature covers all scenarios of application."]]>
              </value>
            </param>
          </params>
          <reporter-output>
          </reporter-output>
        </test-method> <!-- runScenario -->
        <test-method is-config="true" signature="tearDownClass()[pri:0, instance:com.ashtvivah.RunnerTest@2b48a640]" started-at="2023-02-14T15:00:48 IST" name="tearDownClass" finished-at="2023-02-14T15:00:48 IST" duration-ms="20" status="PASS">
          <reporter-output>
          </reporter-output>
        </test-method> <!-- tearDownClass -->
      </class> <!-- com.ashtvivah.RunnerTest -->
    </test> <!-- Default test -->
  </suite> <!-- Default suite -->
</testng-results>
